<?xml version="1.0" encoding="UTF-8"?>
<!-- Generated by org.testng.reporters.JUnitXMLReporter -->
<testsuite ignored="0" hostname="LAPTOP-SSV1DC61" failures="0" tests="18" name="Default test" time="22.265" errors="0" timestamp="2023-05-07T21:57:27 IST">
  <testcase classname="TestCases.Githubrepo" name="CreateaRepositoryfortheAuthenticatedUser" time="4.434"/>
  <testcase classname="TestCases.Githubrepo" name="UpdateaRepository" time="1.214"/>
  <testcase classname="TestCases.Githubrepo" name="GetaRepository" time="0.876"/>
  <testcase classname="TestCases.Githubrepo" name="CreateOrUpdateFileContents" time="1.041"/>
  <testcase classname="TestCases.Githubrepo" name="CreateaFork" time="1.772"/>
  <testcase classname="TestCases.Githubrepo" name="ListForks" time="0.815"/>
  <testcase classname="TestCases.Githubrepo" name="ListRepositoriesForaUser" time="0.974"/>
  <testcase classname="TestCases.Githubrepo" name="ListRepositoryLanguages" time="1.124"/>
  <testcase classname="TestCases.Githubrepo" name="ListPublicRepositories" time="1.371"/>
  <testcase classname="TestCases.Githubrepo" name="DeleteaFile" time="1.08"/>
  <testcase classname="TestCases.Githubrepo" name="ListRepositoryTags" time="0.815"/>
  <testcase classname="TestCases.Githubrepo" name="CreateAnAutolinkReferenceforaRepository" time="0.833"/>
  <testcase classname="TestCases.Githubrepo" name="ReplaceAllRepositoryTopics" time="1.315"/>
  <testcase classname="TestCases.Githubrepo" name="GetAllRepositoryTopics" time="0.836"/>
  <testcase classname="TestCases.Githubrepo" name="GetAnAutolinkReferenceofaRepository" time="0.797"/>
  <testcase classname="TestCases.Githubrepo" name="DeleteAnAutolinkReferenceFromaRepository" time="0.921"/>
  <testcase classname="TestCases.Githubrepo" name="GetaRepository2" time="0.918"/>
  <testcase classname="TestCases.Githubrepo" name="DeleteaRepository" time="1.022"/>
</testsuite> <!-- Default test -->
