<?xml version="1.0" encoding="UTF-8"?>
<!-- Generated by org.testng.reporters.JUnitXMLReporter -->
<testsuite ignored="0" hostname="LAPTOP-SSV1DC61" failures="0" tests="18" name="Test" time="25.043" errors="0" timestamp="2023-05-07T21:58:19 IST">
  <testcase classname="TestCases.Githubrepo" name="CreateaRepositoryfortheAuthenticatedUser" time="4.016"/>
  <testcase classname="TestCases.Githubrepo" name="UpdateaRepository" time="1.273"/>
  <testcase classname="TestCases.Githubrepo" name="GetaRepository" time="0.959"/>
  <testcase classname="TestCases.Githubrepo" name="CreateOrUpdateFileContents" time="1.114"/>
  <testcase classname="TestCases.Githubrepo" name="CreateaFork" time="1.916"/>
  <testcase classname="TestCases.Githubrepo" name="ListForks" time="0.952"/>
  <testcase classname="TestCases.Githubrepo" name="ListRepositoriesForaUser" time="1.021"/>
  <testcase classname="TestCases.Githubrepo" name="ListRepositoryLanguages" time="0.918"/>
  <testcase classname="TestCases.Githubrepo" name="ListPublicRepositories" time="1.649"/>
  <testcase classname="TestCases.Githubrepo" name="DeleteaFile" time="1.214"/>
  <testcase classname="TestCases.Githubrepo" name="ListRepositoryTags" time="0.822"/>
  <testcase classname="TestCases.Githubrepo" name="CreateAnAutolinkReferenceforaRepository" time="0.935"/>
  <testcase classname="TestCases.Githubrepo" name="ReplaceAllRepositoryTopics" time="1.412"/>
  <testcase classname="TestCases.Githubrepo" name="GetAllRepositoryTopics" time="0.918"/>
  <testcase classname="TestCases.Githubrepo" name="GetAnAutolinkReferenceofaRepository" time="2.149"/>
  <testcase classname="TestCases.Githubrepo" name="DeleteAnAutolinkReferenceFromaRepository" time="1.022"/>
  <testcase classname="TestCases.Githubrepo" name="GetaRepository2" time="0.853"/>
  <testcase classname="TestCases.Githubrepo" name="DeleteaRepository" time="1.805"/>
</testsuite> <!-- Test -->
